<?xml version="1.0" encoding="UTF-8"?>
<!-- Generated by org.testng.reporters.JUnitXMLReporter -->
<testsuite hostname="THBSGGNLPT-042" ignored="0" name="Default test" tests="2" failures="0" timestamp="06 Jul 2018 10:17:23 GMT" time="3.041" errors="0">
  <testcase name="testJSONExtractRestAssured" time="1.935" classname="com.googlerestapi.rest.soap_getOutageDetails"/>
  <testcase name="testJSONExtractRestAssured" time="0.596" classname="com.googlerestapi.rest.soap_getOutageDetails"/>
</testsuite> <!-- Default test -->
